<?xml version="1.0" encoding="UTF-8"?>
<testsuite xmlns:xsi="http://www.w3.org/2001/XMLSchema-instance" xsi:noNamespaceSchemaLocation="https://maven.apache.org/surefire/maven-failsafe-plugin/xsd/failsafe-test-report.xsd" name="TestSuite" time="2.025" tests="3" errors="0" skipped="0" failures="0">
  <properties>
[...]
</properties>
  <testcase name="echoToday" classname="com.apothuaud.SampleJavaIT" time="0.146"/>
  <testcase name="sayHello" classname="com.apothuaud.SampleJavaIT" time="0.126"/>
  <testcase name="sampleXml" classname="com.apothuaud.SampleXmlIT" time="0.124"/>
</testsuite>