<?xml version="1.0" encoding="UTF-8"?>
<testng-results skipped="0" failed="0" ignored="2" total="5" passed="3">
  <reporter-output>
  </reporter-output>
  <suite name="Surefire suite" duration-ms="153" started-at="2018-04-11T09:36:41Z" finished-at="2018-04-11T09:36:41Z">
    <groups>
    </groups>
    <test name="Surefire test" duration-ms="153" started-at="2018-04-11T09:36:41Z" finished-at="2018-04-11T09:36:41Z">
      <class name="com.apothuaud.SampleJavaIT">
        <test-method status="PASS" signature="beforeSuite(org.testng.ITestContext)[pri:0, instance:com.apothuaud.SampleJavaIT@3ba9ad43]" name="beforeSuite" is-config="true" duration-ms="813" started-at="2018-04-11T11:36:40Z" finished-at="2018-04-11T11:36:41Z">
          <params>
            <param index="0">
              <value>
                <![CDATA[org.testng.TestRunner@70fab835]]>
              </value>
            </param>
          </params>
          <reporter-output>
          </reporter-output>
        </test-method> <!-- beforeSuite -->
        <test-method status="PASS" signature="springTestContextBeforeTestClass()[pri:0, instance:com.apothuaud.SampleJavaIT@3ba9ad43]" name="springTestContextBeforeTestClass" is-config="true" duration-ms="1" started-at="2018-04-11T11:36:41Z" finished-at="2018-04-11T11:36:41Z">
          <reporter-output>
          </reporter-output>
        </test-method> <!-- springTestContextBeforeTestClass -->
        <test-method status="PASS" signature="springTestContextPrepareTestInstance()[pri:0, instance:com.apothuaud.SampleJavaIT@3ba9ad43]" name="springTestContextPrepareTestInstance" is-config="true" duration-ms="0" started-at="2018-04-11T11:36:41Z" depends-on-methods="org.springframework.test.context.testng.AbstractTestNGSpringContextTests.springTestContextBeforeTestClass" finished-at="2018-04-11T11:36:41Z">
          <reporter-output>
          </reporter-output>
        </test-method> <!-- springTestContextPrepareTestInstance -->
        <test-method status="PASS" signature="springTestContextBeforeTestMethod(java.lang.reflect.Method)[pri:0, instance:com.apothuaud.SampleJavaIT@3ba9ad43]" name="springTestContextBeforeTestMethod" is-config="true" duration-ms="1" started-at="2018-04-11T11:36:41Z" finished-at="2018-04-11T11:36:41Z">
          <params>
            <param index="0">
              <value>
                <![CDATA[public void com.apothuaud.SampleJavaIT.echoToday()]]>
              </value>
            </param>
          </params>
          <reporter-output>
          </reporter-output>
        </test-method> <!-- springTestContextBeforeTestMethod -->
        <test-method status="PASS" signature="echoToday()[pri:0, instance:com.apothuaud.SampleJavaIT@3ba9ad43]" name="echoToday" duration-ms="15" started-at="2018-04-11T11:36:41Z" finished-at="2018-04-11T11:36:41Z">
          <reporter-output>
          </reporter-output>
        </test-method> <!-- echoToday -->
        <test-method status="PASS" signature="sayHello()[pri:0, instance:com.apothuaud.SampleJavaIT@3ba9ad43]" name="sayHello" duration-ms="4" started-at="2018-04-11T11:36:41Z" finished-at="2018-04-11T11:36:41Z">
          <reporter-output>
          </reporter-output>
        </test-method> <!-- sayHello -->
        <test-method status="PASS" signature="springTestContextBeforeTestMethod(java.lang.reflect.Method)[pri:0, instance:com.apothuaud.SampleJavaIT@3ba9ad43]" name="springTestContextBeforeTestMethod" is-config="true" duration-ms="0" started-at="2018-04-11T11:36:41Z" finished-at="2018-04-11T11:36:41Z">
          <params>
            <param index="0">
              <value>
                <![CDATA[public void com.apothuaud.SampleJavaIT.sayHello()]]>
              </value>
            </param>
          </params>
          <reporter-output>
          </reporter-output>
        </test-method> <!-- springTestContextBeforeTestMethod -->
        <test-method status="PASS" signature="springTestContextAfterTestMethod(java.lang.reflect.Method)[pri:0, instance:com.apothuaud.SampleJavaIT@3ba9ad43]" name="springTestContextAfterTestMethod" is-config="true" duration-ms="0" started-at="2018-04-11T11:36:41Z" finished-at="2018-04-11T11:36:41Z">
          <params>
            <param index="0">
              <value>
                <![CDATA[public void com.apothuaud.SampleJavaIT.echoToday()]]>
              </value>
            </param>
          </params>
          <reporter-output>
          </reporter-output>
        </test-method> <!-- springTestContextAfterTestMethod -->
        <test-method status="PASS" signature="springTestContextAfterTestMethod(java.lang.reflect.Method)[pri:0, instance:com.apothuaud.SampleJavaIT@3ba9ad43]" name="springTestContextAfterTestMethod" is-config="true" duration-ms="0" started-at="2018-04-11T11:36:41Z" finished-at="2018-04-11T11:36:41Z">
          <params>
            <param index="0">
              <value>
                <![CDATA[public void com.apothuaud.SampleJavaIT.sayHello()]]>
              </value>
            </param>
          </params>
          <reporter-output>
          </reporter-output>
        </test-method> <!-- springTestContextAfterTestMethod -->
        <test-method status="PASS" signature="springTestContextAfterTestClass()[pri:0, instance:com.apothuaud.SampleJavaIT@3ba9ad43]" name="springTestContextAfterTestClass" is-config="true" duration-ms="1" started-at="2018-04-11T11:36:41Z" finished-at="2018-04-11T11:36:41Z">
          <reporter-output>
          </reporter-output>
        </test-method> <!-- springTestContextAfterTestClass -->
        <test-method status="PASS" signature="afterSuite(org.testng.ITestContext)[pri:0, instance:com.apothuaud.SampleJavaIT@3ba9ad43]" name="afterSuite" is-config="true" duration-ms="126" started-at="2018-04-11T11:36:41Z" finished-at="2018-04-11T11:36:42Z">
          <params>
            <param index="0">
              <value>
                <![CDATA[org.testng.TestRunner@70fab835]]>
              </value>
            </param>
          </params>
          <reporter-output>
          </reporter-output>
        </test-method> <!-- afterSuite -->
      </class> <!-- com.apothuaud.SampleJavaIT -->
      <class name="com.apothuaud.SampleXmlIT">
        <test-method status="PASS" signature="springTestContextPrepareTestInstance()[pri:0, instance:com.apothuaud.SampleXmlIT@3d680b5a]" name="springTestContextPrepareTestInstance" is-config="true" duration-ms="2" started-at="2018-04-11T11:36:41Z" depends-on-methods="org.springframework.test.context.testng.AbstractTestNGSpringContextTests.springTestContextBeforeTestClass" finished-at="2018-04-11T11:36:41Z">
          <reporter-output>
          </reporter-output>
        </test-method> <!-- springTestContextPrepareTestInstance -->
        <test-method status="PASS" signature="springTestContextBeforeTestClass()[pri:0, instance:com.apothuaud.SampleXmlIT@3d680b5a]" name="springTestContextBeforeTestClass" is-config="true" duration-ms="0" started-at="2018-04-11T11:36:41Z" finished-at="2018-04-11T11:36:41Z">
          <reporter-output>
          </reporter-output>
        </test-method> <!-- springTestContextBeforeTestClass -->
        <test-method status="PASS" signature="springTestContextBeforeTestMethod(java.lang.reflect.Method)[pri:0, instance:com.apothuaud.SampleXmlIT@3d680b5a]" name="springTestContextBeforeTestMethod" is-config="true" duration-ms="0" started-at="2018-04-11T11:36:41Z" finished-at="2018-04-11T11:36:41Z">
          <params>
            <param index="0">
              <value>
                <![CDATA[public void com.apothuaud.SampleXmlIT.sampleXml()]]>
              </value>
            </param>
          </params>
          <reporter-output>
          </reporter-output>
        </test-method> <!-- springTestContextBeforeTestMethod -->
        <test-method status="PASS" signature="sampleXml()[pri:0, instance:com.apothuaud.SampleXmlIT@3d680b5a]" name="sampleXml" duration-ms="116" started-at="2018-04-11T11:36:41Z" finished-at="2018-04-11T11:36:41Z">
          <reporter-output>
          </reporter-output>
        </test-method> <!-- sampleXml -->
        <test-method status="PASS" signature="springTestContextAfterTestMethod(java.lang.reflect.Method)[pri:0, instance:com.apothuaud.SampleXmlIT@3d680b5a]" name="springTestContextAfterTestMethod" is-config="true" duration-ms="0" started-at="2018-04-11T11:36:41Z" finished-at="2018-04-11T11:36:41Z">
          <params>
            <param index="0">
              <value>
                <![CDATA[public void com.apothuaud.SampleXmlIT.sampleXml()]]>
              </value>
            </param>
          </params>
          <reporter-output>
          </reporter-output>
        </test-method> <!-- springTestContextAfterTestMethod -->
        <test-method status="PASS" signature="springTestContextAfterTestClass()[pri:0, instance:com.apothuaud.SampleXmlIT@3d680b5a]" name="springTestContextAfterTestClass" is-config="true" duration-ms="0" started-at="2018-04-11T11:36:41Z" finished-at="2018-04-11T11:36:41Z">
          <reporter-output>
          </reporter-output>
        </test-method> <!-- springTestContextAfterTestClass -->
      </class> <!-- com.apothuaud.SampleXmlIT -->
    </test> <!-- Surefire test -->
  </suite> <!-- Surefire suite -->
</testng-results>
