<?xml version="1.0" encoding="UTF-8"?>
<!-- Generated by org.testng.reporters.JUnitXMLReporter -->
<testsuite hostname="LP5-APD2-DSY" ignored="2" name="Surefire test" tests="3" failures="0" timestamp="11 Apr 2018 09:36:41 GMT" time="0.153" errors="0">
  <testcase name="echoToday" time="0.015" classname="com.apothuaud.SampleJavaIT"/>
  <testcase name="sayHello" time="0.004" classname="com.apothuaud.SampleJavaIT"/>
  <testcase name="sampleXml" time="0.116" classname="com.apothuaud.SampleXmlIT"/>
  <testcase name="@AfterSuite afterSuite" time="0.0" classname="com.consol.citrus.testng.AbstractTestNGCitrusTest">
    <ignored/>
  </testcase> <!-- @AfterSuite afterSuite -->
  <testcase name="@BeforeSuite beforeSuite" time="0.0" classname="com.consol.citrus.testng.AbstractTestNGCitrusTest">
    <ignored/>
  </testcase> <!-- @BeforeSuite beforeSuite -->
</testsuite> <!-- Surefire test -->
